This is pdfTeX, Version 3.14159265-2.6-1.40.19 (MiKTeX 2.9.6930 64-bit) (preloaded format=pdflatex 2019.3.22)  7 JUL 2019 22:54
entering extended mode
**./Informe.tex
(Informe.tex
LaTeX2e <2018-12-01>
(D:\miktext\tex/latex/base\article.cls
Document Class: article 2018/09/03 v1.4i Standard LaTeX document class
(D:\miktext\tex/latex/base\size12.clo
File: size12.clo 2018/09/03 v1.4i Standard LaTeX file (size option)
)
\c@part=\count80
\c@section=\count81
\c@subsection=\count82
\c@subsubsection=\count83
\c@paragraph=\count84
\c@subparagraph=\count85
\c@figure=\count86
\c@table=\count87
\abovecaptionskip=\skip41
\belowcaptionskip=\skip42
\bibindent=\dimen102
) (D:\miktext\tex/latex/base\inputenc.sty
Package: inputenc 2018/08/11 v1.3c Input encoding file
\inpenc@prehook=\toks14
\inpenc@posthook=\toks15
) (D:\miktext\tex/generic/babel\babel.sty
Package: babel 2018/11/13 3.27 The Babel package

(D:\miktext\tex/generic/babel\switch.def
File: switch.def 2018/11/13 3.27 Babel switching mechanism
)
*************************************
* Local config file bblopts.cfg used
*
(D:\miktext\tex/latex/arabi\bblopts.cfg
File: bblopts.cfg 2005/09/08 v0.1 add Arabic and Farsi to "declared" options of
 babel
)
(D:\miktext\tex/latex/babel-spanish\spanish.ldf
Language: spanish.ldf 2016/03/03 v5.0p Spanish support from the babel system

(D:\miktext\tex/generic/babel\babel.def
File: babel.def 2018/11/13 3.27 Babel common definitions
\babel@savecnt=\count88
\U@D=\dimen103

(D:\miktext\tex/generic/babel\txtbabel.def)
\bbl@dirlevel=\count89
)
\es@quottoks=\toks16
\es@quotdepth=\count90
Package babel Info: Making " an active character on input line 561.
Package babel Info: Making . an active character on input line 662.
Package babel Info: Making < an active character on input line 707.
Package babel Info: Making > an active character on input line 707.
))
(D:\miktext\tex/latex/graphics\graphicx.sty
Package: graphicx 2017/06/01 v1.1a Enhanced LaTeX Graphics (DPC,SPQR)

(D:\miktext\tex/latex/graphics\keyval.sty
Package: keyval 2014/10/28 v1.15 key=value parser (DPC)
\KV@toks@=\toks17
)
(D:\miktext\tex/latex/graphics\graphics.sty
Package: graphics 2017/06/25 v1.2c Standard LaTeX Graphics (DPC,SPQR)

(D:\miktext\tex/latex/graphics\trig.sty
Package: trig 2016/01/03 v1.10 sin cos tan (DPC)
)
(D:\miktext\tex/latex/graphics-cfg\graphics.cfg
File: graphics.cfg 2016/06/04 v1.11 sample graphics configuration
)
Package graphics Info: Driver file: pdftex.def on input line 99.

(D:\miktext\tex/latex/graphics-def\pdftex.def
File: pdftex.def 2018/01/08 v1.0l Graphics/color driver for pdftex
))
\Gin@req@height=\dimen104
\Gin@req@width=\dimen105
)
(D:\miktext\tex/latex/geometry\geometry.sty
Package: geometry 2018/04/16 v5.8 Page Geometry

(D:\miktext\tex/generic/oberdiek\ifpdf.sty
Package: ifpdf 2018/09/07 v3.3 Provides the ifpdf switch
)
(D:\miktext\tex/generic/oberdiek\ifvtex.sty
Package: ifvtex 2016/05/16 v1.6 Detect VTeX and its facilities (HO)
Package ifvtex Info: VTeX not detected.
)
(D:\miktext\tex/generic/ifxetex\ifxetex.sty
Package: ifxetex 2010/09/12 v0.6 Provides ifxetex conditional
)
\Gm@cnth=\count91
\Gm@cntv=\count92
\c@Gm@tempcnt=\count93
\Gm@bindingoffset=\dimen106
\Gm@wd@mp=\dimen107
\Gm@odd@mp=\dimen108
\Gm@even@mp=\dimen109
\Gm@layoutwidth=\dimen110
\Gm@layoutheight=\dimen111
\Gm@layouthoffset=\dimen112
\Gm@layoutvoffset=\dimen113
\Gm@dimlist=\toks18

(D:\miktext\tex/latex/geometry\geometry.cfg))
(D:\miktext\tex/latex/float\float.sty
Package: float 2001/11/08 v1.3d Float enhancements (AL)
\c@float@type=\count94
\float@exts=\toks19
\float@box=\box27
\@float@everytoks=\toks20
\@floatcapt=\box28
)
(D:\miktext\tex/latex/amsmath\amsmath.sty
Package: amsmath 2018/12/01 v2.17b AMS math features
\@mathmargin=\skip43

For additional information on amsmath, use the `?' option.
(D:\miktext\tex/latex/amsmath\amstext.sty
Package: amstext 2000/06/29 v2.01 AMS text

(D:\miktext\tex/latex/amsmath\amsgen.sty
File: amsgen.sty 1999/11/30 v2.0 generic functions
\@emptytoks=\toks21
\ex@=\dimen114
))
(D:\miktext\tex/latex/amsmath\amsbsy.sty
Package: amsbsy 1999/11/29 v1.2d Bold Symbols
\pmbraise@=\dimen115
)
(D:\miktext\tex/latex/amsmath\amsopn.sty
Package: amsopn 2016/03/08 v2.02 operator names
)
\inf@bad=\count95
LaTeX Info: Redefining \frac on input line 223.
\uproot@=\count96
\leftroot@=\count97
LaTeX Info: Redefining \overline on input line 385.
\classnum@=\count98
\DOTSCASE@=\count99
LaTeX Info: Redefining \ldots on input line 482.
LaTeX Info: Redefining \dots on input line 485.
LaTeX Info: Redefining \cdots on input line 606.
\Mathstrutbox@=\box29
\strutbox@=\box30
\big@size=\dimen116
LaTeX Font Info:    Redeclaring font encoding OML on input line 729.
LaTeX Font Info:    Redeclaring font encoding OMS on input line 730.
\macc@depth=\count100
\c@MaxMatrixCols=\count101
\dotsspace@=\muskip10
\c@parentequation=\count102
\dspbrk@lvl=\count103
\tag@help=\toks22
\row@=\count104
\column@=\count105
\maxfields@=\count106
\andhelp@=\toks23
\eqnshift@=\dimen117
\alignsep@=\dimen118
\tagshift@=\dimen119
\tagwidth@=\dimen120
\totwidth@=\dimen121
\lineht@=\dimen122
\@envbody=\toks24
\multlinegap=\skip44
\multlinetaggap=\skip45
\mathdisplay@stack=\toks25
LaTeX Info: Redefining \[ on input line 2844.
LaTeX Info: Redefining \] on input line 2845.
)
(D:\miktext\tex/latex/oberdiek\stackrel.sty
Package: stackrel 2016/05/16 v1.3 Adding subscript option to stackrel (HO)

(D:\miktext\tex/generic/oberdiek\etexcmds.sty
Package: etexcmds 2016/05/16 v1.6 Avoid name clashes with e-TeX commands (HO)

(D:\miktext\tex/generic/oberdiek\infwarerr.sty
Package: infwarerr 2016/05/16 v1.4 Providing info/warning/error messages (HO)
)
(D:\miktext\tex/generic/oberdiek\ifluatex.sty
Package: ifluatex 2016/05/16 v1.4 Provides the ifluatex switch (HO)
Package ifluatex Info: LuaTeX not detected.
))
(D:\miktext\tex/generic/oberdiek\pdftexcmds.sty
Package: pdftexcmds 2018/09/10 v0.29 Utility functions of pdfTeX for LuaTeX (HO
)

(D:\miktext\tex/generic/oberdiek\ltxcmds.sty
Package: ltxcmds 2016/05/16 v1.23 LaTeX kernel commands for general use (HO)
)
Package pdftexcmds Info: LuaTeX not detected.
Package pdftexcmds Info: \pdf@primitive is available.
Package pdftexcmds Info: \pdf@ifprimitive is available.
Package pdftexcmds Info: \pdfdraftmode found.
))
(D:\miktext\tex/latex/multirow\multirow.sty
Package: multirow 2019/01/01 v2.4 Span multiple rows of a table
\multirow@colwidth=\skip46
\multirow@cntb=\count107
\multirow@dima=\skip47
\bigstrutjot=\dimen123
)
(D:\miktext\tex/latex/tools\enumerate.sty
Package: enumerate 2015/07/23 v3.00 enumerate extensions (DPC)
\@enLab=\toks26
) (Informe.aux
LaTeX Info: Redefining \. on input line 6.
LaTeX Info: Redefining \% on input line 6.

(Secciones/Actividad01.aux) (Secciones/Actividad02.aux))
\openout1 = `Informe.aux'.

LaTeX Font Info:    Checking defaults for OML/cmm/m/it on input line 18.
LaTeX Font Info:    ... okay on input line 18.
LaTeX Font Info:    Checking defaults for T1/cmr/m/n on input line 18.
LaTeX Font Info:    ... okay on input line 18.
LaTeX Font Info:    Checking defaults for OT1/cmr/m/n on input line 18.
LaTeX Font Info:    ... okay on input line 18.
LaTeX Font Info:    Checking defaults for OMS/cmsy/m/n on input line 18.
LaTeX Font Info:    ... okay on input line 18.
LaTeX Font Info:    Checking defaults for OMX/cmex/m/n on input line 18.
LaTeX Font Info:    ... okay on input line 18.
LaTeX Font Info:    Checking defaults for U/cmr/m/n on input line 18.
LaTeX Font Info:    ... okay on input line 18.
LaTeX Info: Redefining \. on input line 18.
LaTeX Info: Redefining \% on input line 18.

(D:\miktext\tex/context/base/mkii\supp-pdf.mkii
[Loading MPS to PDF converter (version 2006.09.02).]
\scratchcounter=\count108
\scratchdimen=\dimen124
\scratchbox=\box31
\nofMPsegments=\count109
\nofMParguments=\count110
\everyMPshowfont=\toks27
\MPscratchCnt=\count111
\MPscratchDim=\dimen125
\MPnumerator=\count112
\makeMPintoPDFobject=\count113
\everyMPtoPDFconversion=\toks28
) (D:\miktext\tex/latex/oberdiek\epstopdf-base.sty
Package: epstopdf-base 2016/05/15 v2.6 Base part for package epstopdf

(D:\miktext\tex/latex/oberdiek\grfext.sty
Package: grfext 2016/05/16 v1.2 Manage graphics extensions (HO)

(D:\miktext\tex/generic/oberdiek\kvdefinekeys.sty
Package: kvdefinekeys 2016/05/16 v1.4 Define keys (HO)
))
(D:\miktext\tex/latex/oberdiek\kvoptions.sty
Package: kvoptions 2016/05/16 v3.12 Key value format for package options (HO)

(D:\miktext\tex/generic/oberdiek\kvsetkeys.sty
Package: kvsetkeys 2016/05/16 v1.17 Key value parser (HO)
))
Package epstopdf-base Info: Redefining graphics rule for `.eps' on input line 4
38.
Package grfext Info: Graphics extension search list:
(grfext)             [.pdf,.png,.jpg,.mps,.jpeg,.jbig2,.jb2,.PDF,.PNG,.JPG,.JPE
G,.JBIG2,.JB2,.eps]
(grfext)             \AppendGraphicsExtensions on input line 456.
)
*geometry* driver: auto-detecting
*geometry* detected driver: pdftex
*geometry* verbose mode - [ preamble ] result:
* driver: pdftex
* paper: letterpaper
* layout: <same size as paper>
* layoutoffset:(h,v)=(0.0pt,0.0pt)
* modes: 
* h-part:(L,W,R)=(56.9055pt, 500.484pt, 56.9055pt)
* v-part:(T,H,B)=(56.9055pt, 681.15898pt, 56.9055pt)
* \paperwidth=614.295pt
* \paperheight=794.96999pt
* \textwidth=500.484pt
* \textheight=681.15898pt
* \oddsidemargin=-15.36449pt
* \evensidemargin=-15.36449pt
* \topmargin=-52.36449pt
* \headheight=12.0pt
* \headsep=25.0pt
* \topskip=12.0pt
* \footskip=30.0pt
* \marginparwidth=44.0pt
* \marginparsep=10.0pt
* \columnsep=10.0pt
* \skip\footins=10.8pt plus 4.0pt minus 2.0pt
* \hoffset=0.0pt
* \voffset=0.0pt
* \mag=1000
* \@twocolumnfalse
* \@twosidefalse
* \@mparswitchfalse
* \@reversemarginfalse
* (1in=72.27pt=25.4mm, 1cm=28.453pt)

<./Imagenes/logo.jpg, id=1, 276.03125pt x 183.68625pt>
File: ./Imagenes/logo.jpg Graphic file (type jpg)
<use ./Imagenes/logo.jpg>
Package pdftex.def Info: ./Imagenes/logo.jpg  used on input line 38.
(pdftex.def)             Requested size: 227.62204pt x 151.47853pt.
[1

{C:/Users/Usuario/AppData/Local/MiKTeX/2.9/pdftex/config/pdftex.map} <./Imagene
s/logo.jpg>] (Informe.toc
LaTeX Info: Redefining \. on input line 1.
LaTeX Info: Redefining \% on input line 1.


! Package inputenc Error: Unicode character \GenericError {(inputenc)          
      }{Package inputenc Error: Unicode character ° (U+00B0)
(inputenc) not set up for use with LaTeX}{See the inputenc package documentatio
n for explanation.}{You may provide a definition with
(inputenc) \DeclareUnicodeCharacter } (U+00B0)
(inputenc) not set up for use with LaTeX.

See the inputenc package documentation for explanation.
Type  H <return>  for immediate help.
 ...                                              
                                                  
l.7 ...blas temporales de auditor\IeC {\'\i }a}{3}
                                                  %
You may provide a definition with
\GenericError { }{LaTeX Error: Can be used only in preamble}{See the LaTeX manu
al or LaTeX Companion for explanation.}{Your command was ignored.
Type I <command><return>to replace it with another command,
or <return>to continue without it.}


! Package inputenc Error: Unicode character \GenericError {(inputenc)          
      }{Package inputenc Error: Unicode character ° (U+00B0)
(inputenc) not set up for use with LaTeX}{See the inputenc package documentatio
n for explanation.}{You may provide a definition with
(inputenc) \DeclareUnicodeCharacter } (U+00B0)
(inputenc) not set up for use with LaTeX.

See the inputenc package documentation for explanation.
Type  H <return>  for immediate help.
 ...                                              
                                                  
l.8 ...without it.}} 02: Utilizando Auditorias}{6}
                                                  %
You may provide a definition with
\GenericError { }{LaTeX Error: Can be used only in preamble}{See the LaTeX manu
al or LaTeX Companion for explanation.}{Your command was ignored.
Type I <command><return>to replace it with another command,
or <return>to continue without it.}


! Package inputenc Error: Unicode character \GenericError {(inputenc)          
      }{Package inputenc Error: Unicode character ° (U+00B0)
(inputenc) not set up for use with LaTeX}{See the inputenc package documentatio
n for explanation.}{You may provide a definition with
(inputenc) \DeclareUnicodeCharacter } (U+00B0)
(inputenc) not set up for use with LaTeX.

See the inputenc package documentation for explanation.
Type  H <return>  for immediate help.
 ...                                              
                                                  
l.9 ...o auditor\IeC {\'\i }as personzalizadas}{8}
                                                  %
You may provide a definition with
\GenericError { }{LaTeX Error: Can be used only in preamble}{See the LaTeX manu
al or LaTeX Companion for explanation.}{Your command was ignored.
Type I <command><return>to replace it with another command,
or <return>to continue without it.}


! Package inputenc Error: Unicode character \GenericError {(inputenc)          
      }{Package inputenc Error: Unicode character ° (U+00B0)
(inputenc) not set up for use with LaTeX}{See the inputenc package documentatio
n for explanation.}{You may provide a definition with
(inputenc) \DeclareUnicodeCharacter } (U+00B0)
(inputenc) not set up for use with LaTeX.

See the inputenc package documentation for explanation.
Type  H <return>  for immediate help.
 ...                                              
                                                  
l.10 ...: Administrando auditor\IeC {\'\i }as}{10}
                                                  %
You may provide a definition with
\GenericError { }{LaTeX Error: Can be used only in preamble}{See the LaTeX manu
al or LaTeX Companion for explanation.}{Your command was ignored.
Type I <command><return>to replace it with another command,
or <return>to continue without it.}

)
\tf@toc=\write3
\openout3 = `Informe.toc'.

 [1]
\openout2 = `Secciones/Actividad01.aux'.

 (Secciones/Actividad01.tex [1

]
<./Imagenes/AzureData.png, id=15, 1443.89438pt x 779.16093pt>
File: ./Imagenes/AzureData.png Graphic file (type png)
<use ./Imagenes/AzureData.png>
Package pdftex.def Info: ./Imagenes/AzureData.png  used on input line 53.
(pdftex.def)             Requested size: 455.24408pt x 245.66287pt.
) [2 <./Imagenes/AzureData.png>]
\openout2 = `Secciones/Actividad02.aux'.


(Secciones/Actividad02.tex

! Package inputenc Error: Unicode character ° (U+00B0)
(inputenc)                not set up for use with LaTeX.

See the inputenc package documentation for explanation.
Type  H <return>  for immediate help.
 ...                                              
                                                  
l.2 ...Utilizando tablas temporales de auditoría}
                                                  
You may provide a definition with
\DeclareUnicodeCharacter 

<./Imagenes/Imagen1.png, id=19, 1443.89438pt x 250.68657pt>
! Illegal unit of measure (pt inserted).
<to be read again> 
                   \relax 
l.7 ...[width=16cm, height=90]{./Imagenes/Imagen1}
                                                  
Dimensions can be in units of em, ex, in, pt, pc,
cm, mm, dd, cc, nd, nc, bp, or sp; but yours is a new one!
I'll assume that you meant to say pt, for printer's points.
To recover gracefully from this error, it's best to
delete the erroneous units; e.g., type `2' to delete
two letters. (See Chapter 27 of The TeXbook.)

File: ./Imagenes/Imagen1.png Graphic file (type png)
<use ./Imagenes/Imagen1.png>
Package pdftex.def Info: ./Imagenes/Imagen1.png  used on input line 7.
(pdftex.def)             Requested size: 455.24774pt x 89.99844pt.

Overfull \hbox (9.98813pt too wide) in paragraph at lines 7--8
 [] 
 []

<./Imagenes/Imagen2.png, id=20, 1443.89438pt x 356.83313pt>
! Illegal unit of measure (pt inserted).
<to be read again> 
                   \relax 
l.14 ...width=16cm, height=90]{./Imagenes/Imagen2}
                                                  
Dimensions can be in units of em, ex, in, pt, pc,
cm, mm, dd, cc, nd, nc, bp, or sp; but yours is a new one!
I'll assume that you meant to say pt, for printer's points.
To recover gracefully from this error, it's best to
delete the erroneous units; e.g., type `2' to delete
two letters. (See Chapter 27 of The TeXbook.)

File: ./Imagenes/Imagen2.png Graphic file (type png)
<use ./Imagenes/Imagen2.png>
Package pdftex.def Info: ./Imagenes/Imagen2.png  used on input line 14.
(pdftex.def)             Requested size: 455.24774pt x 89.99756pt.

Overfull \hbox (9.98813pt too wide) in paragraph at lines 14--15
 [] 
 []

<./Imagenes/Imagen3.png, id=21, 1443.89438pt x 480.29437pt>
! Illegal unit of measure (pt inserted).
<to be read again> 
                   \relax 
l.21 ...width=16cm, height=90]{./Imagenes/Imagen3}
                                                  
Dimensions can be in units of em, ex, in, pt, pc,
cm, mm, dd, cc, nd, nc, bp, or sp; but yours is a new one!
I'll assume that you meant to say pt, for printer's points.
To recover gracefully from this error, it's best to
delete the erroneous units; e.g., type `2' to delete
two letters. (See Chapter 27 of The TeXbook.)

File: ./Imagenes/Imagen3.png Graphic file (type png)
<use ./Imagenes/Imagen3.png>
Package pdftex.def Info: ./Imagenes/Imagen3.png  used on input line 21.
(pdftex.def)             Requested size: 455.24774pt x 89.99634pt.

Overfull \hbox (9.98813pt too wide) in paragraph at lines 21--22
 [] 
 []

<./Imagenes/Imagen4.png, id=22, 1443.89438pt x 520.19344pt>
! Illegal unit of measure (pt inserted).
<to be read again> 
                   \relax 
l.28 ...width=16cm, height=90]{./Imagenes/Imagen4}
                                                  
Dimensions can be in units of em, ex, in, pt, pc,
cm, mm, dd, cc, nd, nc, bp, or sp; but yours is a new one!
I'll assume that you meant to say pt, for printer's points.
To recover gracefully from this error, it's best to
delete the erroneous units; e.g., type `2' to delete
two letters. (See Chapter 27 of The TeXbook.)

File: ./Imagenes/Imagen4.png Graphic file (type png)
<use ./Imagenes/Imagen4.png>
Package pdftex.def Info: ./Imagenes/Imagen4.png  used on input line 28.
(pdftex.def)             Requested size: 455.24774pt x 89.99539pt.

Overfull \hbox (9.98813pt too wide) in paragraph at lines 28--29
 [] 
 []

[3


 <./Imagenes/Imagen1.png> <./Imagenes/Imagen2.png> <./Imagenes/Imagen3.png> <./
Imagenes/Imagen4.png>]
<./Imagenes/Imagen5.png, id=26, 1421.31pt x 441.14813pt>

! Illegal unit of measure (pt inserted).
<to be read again> 
                   \relax 
l.36 ...width=16cm, height=90]{./Imagenes/Imagen5}
                                                  
Dimensions can be in units of em, ex, in, pt, pc,
cm, mm, dd, cc, nd, nc, bp, or sp; but yours is a new one!
I'll assume that you meant to say pt, for printer's points.
To recover gracefully from this error, it's best to
delete the erroneous units; e.g., type `2' to delete
two letters. (See Chapter 27 of The TeXbook.)

File: ./Imagenes/Imagen5.png Graphic file (type png)
<use ./Imagenes/Imagen5.png>
Package pdftex.def Info: ./Imagenes/Imagen5.png  used on input line 36.
(pdftex.def)             Requested size: 455.24055pt x 89.99841pt.

Overfull \hbox (9.98094pt too wide) in paragraph at lines 36--37
 [] 
 []

<./Imagenes/Imagen6.png, id=27, 1423.56844pt x 383.18156pt>
! Illegal unit of measure (pt inserted).
<to be read again> 
                   \relax 
l.42 ...width=16cm, height=90]{./Imagenes/Imagen6}
                                                  
Dimensions can be in units of em, ex, in, pt, pc,
cm, mm, dd, cc, nd, nc, bp, or sp; but yours is a new one!
I'll assume that you meant to say pt, for printer's points.
To recover gracefully from this error, it's best to
delete the erroneous units; e.g., type `2' to delete
two letters. (See Chapter 27 of The TeXbook.)

File: ./Imagenes/Imagen6.png Graphic file (type png)
<use ./Imagenes/Imagen6.png>
Package pdftex.def Info: ./Imagenes/Imagen6.png  used on input line 42.
(pdftex.def)             Requested size: 455.22539pt x 89.99506pt.

Overfull \hbox (9.96577pt too wide) in paragraph at lines 42--43
 [] 
 []

<./Imagenes/Imagen7.png, id=28, 1444.64719pt x 372.64218pt>
! Illegal unit of measure (pt inserted).
<to be read again> 
                   \relax 
l.48 ...width=16cm, height=90]{./Imagenes/Imagen7}
                                                  
Dimensions can be in units of em, ex, in, pt, pc,
cm, mm, dd, cc, nd, nc, bp, or sp; but yours is a new one!
I'll assume that you meant to say pt, for printer's points.
To recover gracefully from this error, it's best to
delete the erroneous units; e.g., type `2' to delete
two letters. (See Chapter 27 of The TeXbook.)

File: ./Imagenes/Imagen7.png Graphic file (type png)
<use ./Imagenes/Imagen7.png>
Package pdftex.def Info: ./Imagenes/Imagen7.png  used on input line 48.
(pdftex.def)             Requested size: 455.24263pt x 89.99886pt.

Overfull \hbox (9.98302pt too wide) in paragraph at lines 48--49
 [] 
 []

<./Imagenes/Imagen8.png, id=29, 1444.64719pt x 274.77657pt>
! Illegal unit of measure (pt inserted).
<to be read again> 
                   \relax 
l.54 ...width=16cm, height=90]{./Imagenes/Imagen8}
                                                  
Dimensions can be in units of em, ex, in, pt, pc,
cm, mm, dd, cc, nd, nc, bp, or sp; but yours is a new one!
I'll assume that you meant to say pt, for printer's points.
To recover gracefully from this error, it's best to
delete the erroneous units; e.g., type `2' to delete
two letters. (See Chapter 27 of The TeXbook.)

File: ./Imagenes/Imagen8.png Graphic file (type png)
<use ./Imagenes/Imagen8.png>
Package pdftex.def Info: ./Imagenes/Imagen8.png  used on input line 54.
(pdftex.def)             Requested size: 455.24263pt x 89.99731pt.

Overfull \hbox (9.98302pt too wide) in paragraph at lines 54--55
 [] 
 []

[4

 <./Imagenes/Imagen5.png> <./Imagenes/Imagen6.png> <./Imagenes/Imagen7.png> <./
Imagenes/Imagen8.png>]
<./Imagenes/Imagen9.png, id=33, 1429.59094pt x 524.71031pt>

! Illegal unit of measure (pt inserted).
<to be read again> 
                   \relax 
l.60 ...width=16cm, height=90]{./Imagenes/Imagen9}
                                                  
Dimensions can be in units of em, ex, in, pt, pc,
cm, mm, dd, cc, nd, nc, bp, or sp; but yours is a new one!
I'll assume that you meant to say pt, for printer's points.
To recover gracefully from this error, it's best to
delete the erroneous units; e.g., type `2' to delete
two letters. (See Chapter 27 of The TeXbook.)

File: ./Imagenes/Imagen9.png Graphic file (type png)
<use ./Imagenes/Imagen9.png>
Package pdftex.def Info: ./Imagenes/Imagen9.png  used on input line 60.
(pdftex.def)             Requested size: 455.23163pt x 90.00021pt.

Overfull \hbox (9.97202pt too wide) in paragraph at lines 60--61
 [] 
 []

<./Imagenes/Imagen10.png, id=34, 1439.3775pt x 278.54062pt>
! Illegal unit of measure (pt inserted).
<to be read again> 
                   \relax 
l.66 ...idth=16cm, height=90]{./Imagenes/Imagen10}
                                                  
Dimensions can be in units of em, ex, in, pt, pc,
cm, mm, dd, cc, nd, nc, bp, or sp; but yours is a new one!
I'll assume that you meant to say pt, for printer's points.
To recover gracefully from this error, it's best to
delete the erroneous units; e.g., type `2' to delete
two letters. (See Chapter 27 of The TeXbook.)

File: ./Imagenes/Imagen10.png Graphic file (type png)
<use ./Imagenes/Imagen10.png>
Package pdftex.def Info: ./Imagenes/Imagen10.png  used on input line 66.
(pdftex.def)             Requested size: 455.25122pt x 89.9976pt.

Overfull \hbox (9.99161pt too wide) in paragraph at lines 66--67
 [] 
 []

[5

 <./Imagenes/Imagen9.png> <./Imagenes/Imagen10.png>]

! Package inputenc Error: Unicode character ° (U+00B0)
(inputenc)                not set up for use with LaTeX.

See the inputenc package documentation for explanation.
Type  H <return>  for immediate help.
 ...                                              
                                                  
l.76 ...n{Ejercicio N° 02: Utilizando Auditorias}
                                                  
You may provide a definition with
\DeclareUnicodeCharacter 

<./Imagenes/Imagen_11.png, id=39, 1443.14156pt x 199.49532pt>
! Illegal unit of measure (pt inserted).
<to be read again> 
                   \relax 
l.84 ...dth=16cm, height=90]{./Imagenes/Imagen_11}
                                                  
Dimensions can be in units of em, ex, in, pt, pc,
cm, mm, dd, cc, nd, nc, bp, or sp; but yours is a new one!
I'll assume that you meant to say pt, for printer's points.
To recover gracefully from this error, it's best to
delete the erroneous units; e.g., type `2' to delete
two letters. (See Chapter 27 of The TeXbook.)

File: ./Imagenes/Imagen_11.png Graphic file (type png)
<use ./Imagenes/Imagen_11.png>
Package pdftex.def Info: ./Imagenes/Imagen_11.png  used on input line 84.
(pdftex.def)             Requested size: 455.23059pt x 90.00035pt.

Overfull \hbox (9.97098pt too wide) in paragraph at lines 84--85
 [] 
 []

<./Imagenes/AuditoriaCreada.png, id=40, 1443.14156pt x 374.14781pt>
! Illegal unit of measure (pt inserted).
<to be read again> 
                   \relax 
l.88 ...cm, height=90]{./Imagenes/AuditoriaCreada}
                                                  
Dimensions can be in units of em, ex, in, pt, pc,
cm, mm, dd, cc, nd, nc, bp, or sp; but yours is a new one!
I'll assume that you meant to say pt, for printer's points.
To recover gracefully from this error, it's best to
delete the erroneous units; e.g., type `2' to delete
two letters. (See Chapter 27 of The TeXbook.)

File: ./Imagenes/AuditoriaCreada.png Graphic file (type png)
<use ./Imagenes/AuditoriaCreada.png>
Package pdftex.def Info: ./Imagenes/AuditoriaCreada.png  used on input line 88.

(pdftex.def)             Requested size: 455.23059pt x 89.99712pt.

Overfull \hbox (9.97098pt too wide) in paragraph at lines 88--89
 [] 
 []

<./Imagenes/Imagen_12.png, id=41, 1444.64719pt x 318.43968pt>
! Illegal unit of measure (pt inserted).
<to be read again> 
                   \relax 
l.95 ...dth=16cm, height=90]{./Imagenes/Imagen_12}
                                                  
Dimensions can be in units of em, ex, in, pt, pc,
cm, mm, dd, cc, nd, nc, bp, or sp; but yours is a new one!
I'll assume that you meant to say pt, for printer's points.
To recover gracefully from this error, it's best to
delete the erroneous units; e.g., type `2' to delete
two letters. (See Chapter 27 of The TeXbook.)

File: ./Imagenes/Imagen_12.png Graphic file (type png)
<use ./Imagenes/Imagen_12.png>
Package pdftex.def Info: ./Imagenes/Imagen_12.png  used on input line 95.
(pdftex.def)             Requested size: 455.24263pt x 89.99825pt.

Overfull \hbox (9.98302pt too wide) in paragraph at lines 95--96
 [] 
 []

<./Imagenes/Imagen_13.png, id=42, 1444.64719pt x 461.47406pt>
! Illegal unit of measure (pt inserted).
<to be read again> 
                   \relax 
l.102 ...th=16cm, height=90]{./Imagenes/Imagen_13}
                                                  
Dimensions can be in units of em, ex, in, pt, pc,
cm, mm, dd, cc, nd, nc, bp, or sp; but yours is a new one!
I'll assume that you meant to say pt, for printer's points.
To recover gracefully from this error, it's best to
delete the erroneous units; e.g., type `2' to delete
two letters. (See Chapter 27 of The TeXbook.)

File: ./Imagenes/Imagen_13.png Graphic file (type png)
<use ./Imagenes/Imagen_13.png>
Package pdftex.def Info: ./Imagenes/Imagen_13.png  used on input line 102.
(pdftex.def)             Requested size: 455.24263pt x 89.99763pt.

Overfull \hbox (9.98302pt too wide) in paragraph at lines 102--103
 [] 
 []

<./Imagenes/Imagen_14.png, id=43, 1444.64719pt x 392.21532pt>
! Illegal unit of measure (pt inserted).
<to be read again> 
                   \relax 
l.109 ...th=16cm, height=90]{./Imagenes/Imagen_14}
                                                  
Dimensions can be in units of em, ex, in, pt, pc,
cm, mm, dd, cc, nd, nc, bp, or sp; but yours is a new one!
I'll assume that you meant to say pt, for printer's points.
To recover gracefully from this error, it's best to
delete the erroneous units; e.g., type `2' to delete
two letters. (See Chapter 27 of The TeXbook.)

File: ./Imagenes/Imagen_14.png Graphic file (type png)
<use ./Imagenes/Imagen_14.png>
Package pdftex.def Info: ./Imagenes/Imagen_14.png  used on input line 109.
(pdftex.def)             Requested size: 455.24263pt x 89.99815pt.

Overfull \hbox (9.98302pt too wide) in paragraph at lines 109--110
 [] 
 []

<./Imagenes/Imagen_15.png, id=44, 1443.14156pt x 386.94562pt>
! Illegal unit of measure (pt inserted).
<to be read again> 
                   \relax 
l.116 ...th=16cm, height=90]{./Imagenes/Imagen_15}
                                                  
Dimensions can be in units of em, ex, in, pt, pc,
cm, mm, dd, cc, nd, nc, bp, or sp; but yours is a new one!
I'll assume that you meant to say pt, for printer's points.
To recover gracefully from this error, it's best to
delete the erroneous units; e.g., type `2' to delete
two letters. (See Chapter 27 of The TeXbook.)

File: ./Imagenes/Imagen_15.png Graphic file (type png)
<use ./Imagenes/Imagen_15.png>
Package pdftex.def Info: ./Imagenes/Imagen_15.png  used on input line 116.
(pdftex.def)             Requested size: 455.23059pt x 89.99934pt.

Overfull \hbox (9.97098pt too wide) in paragraph at lines 116--117
 [] 
 []

[6

 <./Imagenes/Imagen_11.png> <./Imagenes/AuditoriaCreada.png> <./Imagenes/Imagen
_12.png> <./Imagenes/Imagen_13.png> <./Imagenes/Imagen_14.png>]
<./Imagenes/Imagen_16.png, id=48, 1443.14156pt x 304.13625pt>

! Illegal unit of measure (pt inserted).
<to be read again> 
                   \relax 
l.124 ...th=16cm, height=90]{./Imagenes/Imagen_16}
                                                  
Dimensions can be in units of em, ex, in, pt, pc,
cm, mm, dd, cc, nd, nc, bp, or sp; but yours is a new one!
I'll assume that you meant to say pt, for printer's points.
To recover gracefully from this error, it's best to
delete the erroneous units; e.g., type `2' to delete
two letters. (See Chapter 27 of The TeXbook.)

File: ./Imagenes/Imagen_16.png Graphic file (type png)
<use ./Imagenes/Imagen_16.png>
Package pdftex.def Info: ./Imagenes/Imagen_16.png  used on input line 124.
(pdftex.def)             Requested size: 455.23059pt x 89.99785pt.

Overfull \hbox (9.97098pt too wide) in paragraph at lines 124--125
 [] 
 []

<./Imagenes/Imagen_17.png, id=49, 1444.64719pt x 418.56375pt>
! Illegal unit of measure (pt inserted).
<to be read again> 
                   \relax 
l.131 ...th=16cm, height=90]{./Imagenes/Imagen_17}
                                                  
Dimensions can be in units of em, ex, in, pt, pc,
cm, mm, dd, cc, nd, nc, bp, or sp; but yours is a new one!
I'll assume that you meant to say pt, for printer's points.
To recover gracefully from this error, it's best to
delete the erroneous units; e.g., type `2' to delete
two letters. (See Chapter 27 of The TeXbook.)

File: ./Imagenes/Imagen_17.png Graphic file (type png)
<use ./Imagenes/Imagen_17.png>
Package pdftex.def Info: ./Imagenes/Imagen_17.png  used on input line 131.
(pdftex.def)             Requested size: 455.24263pt x 89.99583pt.

Overfull \hbox (9.98302pt too wide) in paragraph at lines 131--132
 [] 
 []

<./Imagenes/Imagen_18.png, id=50, 1444.64719pt x 370.38374pt>
! Illegal unit of measure (pt inserted).
<to be read again> 
                   \relax 
l.138 ...th=16cm, height=90]{./Imagenes/Imagen_18}
                                                  
Dimensions can be in units of em, ex, in, pt, pc,
cm, mm, dd, cc, nd, nc, bp, or sp; but yours is a new one!
I'll assume that you meant to say pt, for printer's points.
To recover gracefully from this error, it's best to
delete the erroneous units; e.g., type `2' to delete
two letters. (See Chapter 27 of The TeXbook.)

File: ./Imagenes/Imagen_18.png Graphic file (type png)
<use ./Imagenes/Imagen_18.png>
Package pdftex.def Info: ./Imagenes/Imagen_18.png  used on input line 138.
(pdftex.def)             Requested size: 455.24263pt x 89.99597pt.

Overfull \hbox (9.98302pt too wide) in paragraph at lines 138--139
 [] 
 []

<./Imagenes/Imagen_19.png, id=51, 1443.14156pt x 289.08pt>
! Illegal unit of measure (pt inserted).
<to be read again> 
                   \relax 
l.145 ...th=16cm, height=90]{./Imagenes/Imagen_19}
                                                  
Dimensions can be in units of em, ex, in, pt, pc,
cm, mm, dd, cc, nd, nc, bp, or sp; but yours is a new one!
I'll assume that you meant to say pt, for printer's points.
To recover gracefully from this error, it's best to
delete the erroneous units; e.g., type `2' to delete
two letters. (See Chapter 27 of The TeXbook.)

File: ./Imagenes/Imagen_19.png Graphic file (type png)
<use ./Imagenes/Imagen_19.png>
Package pdftex.def Info: ./Imagenes/Imagen_19.png  used on input line 145.
(pdftex.def)             Requested size: 455.23059pt x 89.99762pt.

Overfull \hbox (9.97098pt too wide) in paragraph at lines 145--146
 [] 
 []

[7 <./Imagenes/Imagen_15.png> <./Imagenes/Imagen_16.png> <./Imagenes/Imagen_17.
png> <./Imagenes/Imagen_18.png> <./Imagenes/Imagen_19.png>]

! Package inputenc Error: Unicode character ° (U+00B0)
(inputenc)                not set up for use with LaTeX.

See the inputenc package documentation for explanation.
Type  H <return>  for immediate help.
 ...                                              
                                                  
l.152 ...: Utilizando auditorías personzalizadas}
                                                  
You may provide a definition with
\DeclareUnicodeCharacter 

<./Imagenes/Imagen__20.png, id=55, 1443.14156pt x 267.24844pt>
! Illegal unit of measure (pt inserted).
<to be read again> 
                   \relax 
l.161 ...h=16cm, height=90]{./Imagenes/Imagen__20}
                                                  
Dimensions can be in units of em, ex, in, pt, pc,
cm, mm, dd, cc, nd, nc, bp, or sp; but yours is a new one!
I'll assume that you meant to say pt, for printer's points.
To recover gracefully from this error, it's best to
delete the erroneous units; e.g., type `2' to delete
two letters. (See Chapter 27 of The TeXbook.)

File: ./Imagenes/Imagen__20.png Graphic file (type png)
<use ./Imagenes/Imagen__20.png>
Package pdftex.def Info: ./Imagenes/Imagen__20.png  used on input line 161.
(pdftex.def)             Requested size: 455.23059pt x 89.99875pt.

Overfull \hbox (9.97098pt too wide) in paragraph at lines 161--162
 [] 
 []

<./Imagenes/AuditoriaCreada2.png, id=56, 1443.14156pt x 234.1247pt>
! Illegal unit of measure (pt inserted).
<to be read again> 
                   \relax 
l.165 ..., height=90]{./Imagenes/AuditoriaCreada2}
                                                  
Dimensions can be in units of em, ex, in, pt, pc,
cm, mm, dd, cc, nd, nc, bp, or sp; but yours is a new one!
I'll assume that you meant to say pt, for printer's points.
To recover gracefully from this error, it's best to
delete the erroneous units; e.g., type `2' to delete
two letters. (See Chapter 27 of The TeXbook.)

File: ./Imagenes/AuditoriaCreada2.png Graphic file (type png)
<use ./Imagenes/AuditoriaCreada2.png>
Package pdftex.def Info: ./Imagenes/AuditoriaCreada2.png  used on input line 16
5.
(pdftex.def)             Requested size: 455.23059pt x 90.00073pt.

Overfull \hbox (9.97098pt too wide) in paragraph at lines 165--166
 [] 
 []

<./Imagenes/Imagen__21.png, id=57, 1443.14156pt x 381.67593pt>
! Illegal unit of measure (pt inserted).
<to be read again> 
                   \relax 
l.172 ...h=16cm, height=90]{./Imagenes/Imagen__21}
                                                  
Dimensions can be in units of em, ex, in, pt, pc,
cm, mm, dd, cc, nd, nc, bp, or sp; but yours is a new one!
I'll assume that you meant to say pt, for printer's points.
To recover gracefully from this error, it's best to
delete the erroneous units; e.g., type `2' to delete
two letters. (See Chapter 27 of The TeXbook.)

File: ./Imagenes/Imagen__21.png Graphic file (type png)
<use ./Imagenes/Imagen__21.png>
Package pdftex.def Info: ./Imagenes/Imagen__21.png  used on input line 172.
(pdftex.def)             Requested size: 455.23059pt x 89.99669pt.

Overfull \hbox (9.97098pt too wide) in paragraph at lines 172--173
 [] 
 []

<./Imagenes/Imagen__22.png, id=58, 1444.64719pt x 460.72125pt>
! Illegal unit of measure (pt inserted).
<to be read again> 
                   \relax 
l.179 ...h=16cm, height=90]{./Imagenes/Imagen__22}
                                                  
Dimensions can be in units of em, ex, in, pt, pc,
cm, mm, dd, cc, nd, nc, bp, or sp; but yours is a new one!
I'll assume that you meant to say pt, for printer's points.
To recover gracefully from this error, it's best to
delete the erroneous units; e.g., type `2' to delete
two letters. (See Chapter 27 of The TeXbook.)

File: ./Imagenes/Imagen__22.png Graphic file (type png)
<use ./Imagenes/Imagen__22.png>
Package pdftex.def Info: ./Imagenes/Imagen__22.png  used on input line 179.
(pdftex.def)             Requested size: 455.24263pt x 89.99846pt.

Overfull \hbox (9.98302pt too wide) in paragraph at lines 179--180
 [] 
 []

<./Imagenes/Imagen__23.png, id=59, 1443.14156pt x 678.28406pt>
! Illegal unit of measure (pt inserted).
<to be read again> 
                   \relax 
l.186 ...h=16cm, height=90]{./Imagenes/Imagen__23}
                                                  
Dimensions can be in units of em, ex, in, pt, pc,
cm, mm, dd, cc, nd, nc, bp, or sp; but yours is a new one!
I'll assume that you meant to say pt, for printer's points.
To recover gracefully from this error, it's best to
delete the erroneous units; e.g., type `2' to delete
two letters. (See Chapter 27 of The TeXbook.)

File: ./Imagenes/Imagen__23.png Graphic file (type png)
<use ./Imagenes/Imagen__23.png>
Package pdftex.def Info: ./Imagenes/Imagen__23.png  used on input line 186.
(pdftex.def)             Requested size: 455.23059pt x 89.99123pt.

Overfull \hbox (9.97098pt too wide) in paragraph at lines 186--187
 [] 
 []

[8

 <./Imagenes/Imagen__20.png> <./Imagenes/AuditoriaCreada2.png> <./Imagenes/Imag
en__21.png> <./Imagenes/Imagen__22.png> <./Imagenes/Imagen__23.png>]
<./Imagenes/Imagen__24.png, id=63, 1443.14156pt x 486.31688pt>

! Illegal unit of measure (pt inserted).
<to be read again> 
                   \relax 
l.193 ...h=16cm, height=90]{./Imagenes/Imagen__24}
                                                  
Dimensions can be in units of em, ex, in, pt, pc,
cm, mm, dd, cc, nd, nc, bp, or sp; but yours is a new one!
I'll assume that you meant to say pt, for printer's points.
To recover gracefully from this error, it's best to
delete the erroneous units; e.g., type `2' to delete
two letters. (See Chapter 27 of The TeXbook.)

File: ./Imagenes/Imagen__24.png Graphic file (type png)
<use ./Imagenes/Imagen__24.png>
Package pdftex.def Info: ./Imagenes/Imagen__24.png  used on input line 193.
(pdftex.def)             Requested size: 455.23059pt x 89.99689pt.

Overfull \hbox (9.97098pt too wide) in paragraph at lines 193--194
 [] 
 []

<./Imagenes/Imagen__25.png, id=64, 1443.14156pt x 254.45062pt>
! Illegal unit of measure (pt inserted).
<to be read again> 
                   \relax 
l.201 ...h=16cm, height=90]{./Imagenes/Imagen__25}
                                                  
Dimensions can be in units of em, ex, in, pt, pc,
cm, mm, dd, cc, nd, nc, bp, or sp; but yours is a new one!
I'll assume that you meant to say pt, for printer's points.
To recover gracefully from this error, it's best to
delete the erroneous units; e.g., type `2' to delete
two letters. (See Chapter 27 of The TeXbook.)

File: ./Imagenes/Imagen__25.png Graphic file (type png)
<use ./Imagenes/Imagen__25.png>
Package pdftex.def Info: ./Imagenes/Imagen__25.png  used on input line 201.
(pdftex.def)             Requested size: 455.23059pt x 89.99863pt.

Overfull \hbox (9.97098pt too wide) in paragraph at lines 201--202
 [] 
 []

<./Imagenes/Imagen__26.png, id=65, 1443.14156pt x 294.34969pt>
! Illegal unit of measure (pt inserted).
<to be read again> 
                   \relax 
l.208 ...h=16cm, height=90]{./Imagenes/Imagen__26}
                                                  
Dimensions can be in units of em, ex, in, pt, pc,
cm, mm, dd, cc, nd, nc, bp, or sp; but yours is a new one!
I'll assume that you meant to say pt, for printer's points.
To recover gracefully from this error, it's best to
delete the erroneous units; e.g., type `2' to delete
two letters. (See Chapter 27 of The TeXbook.)

File: ./Imagenes/Imagen__26.png Graphic file (type png)
<use ./Imagenes/Imagen__26.png>
Package pdftex.def Info: ./Imagenes/Imagen__26.png  used on input line 208.
(pdftex.def)             Requested size: 455.23059pt x 89.99884pt.

Overfull \hbox (9.97098pt too wide) in paragraph at lines 208--209
 [] 
 []

<./Imagenes/Imagen__27.png, id=66, 1443.14156pt x 275.52937pt>
! Illegal unit of measure (pt inserted).
<to be read again> 
                   \relax 
l.215 ...h=16cm, height=90]{./Imagenes/Imagen__27}
                                                  
Dimensions can be in units of em, ex, in, pt, pc,
cm, mm, dd, cc, nd, nc, bp, or sp; but yours is a new one!
I'll assume that you meant to say pt, for printer's points.
To recover gracefully from this error, it's best to
delete the erroneous units; e.g., type `2' to delete
two letters. (See Chapter 27 of The TeXbook.)

File: ./Imagenes/Imagen__27.png Graphic file (type png)
<use ./Imagenes/Imagen__27.png>
Package pdftex.def Info: ./Imagenes/Imagen__27.png  used on input line 215.
(pdftex.def)             Requested size: 455.23059pt x 90.00003pt.

Overfull \hbox (9.97098pt too wide) in paragraph at lines 215--216
 [] 
 []

[9 <./Imagenes/Imagen__24.png> <./Imagenes/Imagen__25.png> <./Imagenes/Imagen__
26.png> <./Imagenes/Imagen__27.png>]

! Package inputenc Error: Unicode character ° (U+00B0)
(inputenc)                not set up for use with LaTeX.

See the inputenc package documentation for explanation.
Type  H <return>  for immediate help.
 ...                                              
                                                  
l.224 ...rcicio N° 04: Administrando auditorías}
                                                  
You may provide a definition with
\DeclareUnicodeCharacter 

<./Imagenes/ImagenlV28.png, id=70, 1443.14156pt x 371.13657pt>
! Illegal unit of measure (pt inserted).
<to be read again> 
                   \relax 
l.233 ...h=16cm, height=90]{./Imagenes/ImagenlV28}
                                                  
Dimensions can be in units of em, ex, in, pt, pc,
cm, mm, dd, cc, nd, nc, bp, or sp; but yours is a new one!
I'll assume that you meant to say pt, for printer's points.
To recover gracefully from this error, it's best to
delete the erroneous units; e.g., type `2' to delete
two letters. (See Chapter 27 of The TeXbook.)

File: ./Imagenes/ImagenlV28.png Graphic file (type png)
<use ./Imagenes/ImagenlV28.png>
Package pdftex.def Info: ./Imagenes/ImagenlV28.png  used on input line 233.
(pdftex.def)             Requested size: 455.23059pt x 89.99767pt.

Overfull \hbox (9.97098pt too wide) in paragraph at lines 233--234
 [] 
 []

<./Imagenes/AuditoriaCreada3.png, id=71, 1443.14156pt x 354.57469pt>
! Illegal unit of measure (pt inserted).
<to be read again> 
                   \relax 
l.237 ..., height=90]{./Imagenes/AuditoriaCreada3}
                                                  
Dimensions can be in units of em, ex, in, pt, pc,
cm, mm, dd, cc, nd, nc, bp, or sp; but yours is a new one!
I'll assume that you meant to say pt, for printer's points.
To recover gracefully from this error, it's best to
delete the erroneous units; e.g., type `2' to delete
two letters. (See Chapter 27 of The TeXbook.)

File: ./Imagenes/AuditoriaCreada3.png Graphic file (type png)
<use ./Imagenes/AuditoriaCreada3.png>
Package pdftex.def Info: ./Imagenes/AuditoriaCreada3.png  used on input line 23
7.
(pdftex.def)             Requested size: 455.23059pt x 89.99603pt.

Overfull \hbox (9.97098pt too wide) in paragraph at lines 237--238
 [] 
 []

<./Imagenes/ImagenlV29.png, id=72, 1443.89438pt x 402.75468pt>
! Illegal unit of measure (pt inserted).
<to be read again> 
                   \relax 
l.244 ...h=16cm, height=90]{./Imagenes/ImagenlV29}
                                                  
Dimensions can be in units of em, ex, in, pt, pc,
cm, mm, dd, cc, nd, nc, bp, or sp; but yours is a new one!
I'll assume that you meant to say pt, for printer's points.
To recover gracefully from this error, it's best to
delete the erroneous units; e.g., type `2' to delete
two letters. (See Chapter 27 of The TeXbook.)

File: ./Imagenes/ImagenlV29.png Graphic file (type png)
<use ./Imagenes/ImagenlV29.png>
Package pdftex.def Info: ./Imagenes/ImagenlV29.png  used on input line 244.
(pdftex.def)             Requested size: 455.24774pt x 89.9952pt.

Overfull \hbox (9.98813pt too wide) in paragraph at lines 244--245
 [] 
 []

<./Imagenes/ImagenlV30.png, id=73, 1444.64719pt x 410.2828pt>
! Illegal unit of measure (pt inserted).
<to be read again> 
                   \relax 
l.251 ...h=16cm, height=90]{./Imagenes/ImagenlV30}
                                                  
Dimensions can be in units of em, ex, in, pt, pc,
cm, mm, dd, cc, nd, nc, bp, or sp; but yours is a new one!
I'll assume that you meant to say pt, for printer's points.
To recover gracefully from this error, it's best to
delete the erroneous units; e.g., type `2' to delete
two letters. (See Chapter 27 of The TeXbook.)

File: ./Imagenes/ImagenlV30.png Graphic file (type png)
<use ./Imagenes/ImagenlV30.png>
Package pdftex.def Info: ./Imagenes/ImagenlV30.png  used on input line 251.
(pdftex.def)             Requested size: 455.24263pt x 89.99956pt.

Overfull \hbox (9.98302pt too wide) in paragraph at lines 251--252
 [] 
 []

[10

 <./Imagenes/ImagenlV28.png> <./Imagenes/AuditoriaCreada3.png> <./Imagenes/Imag
enlV29.png> <./Imagenes/ImagenlV30.png>]
<./Imagenes/ImagenlV31.png, id=77, 1444.64719pt x 420.06938pt>

! Illegal unit of measure (pt inserted).
<to be read again> 
                   \relax 
l.258 ...h=16cm, height=90]{./Imagenes/ImagenlV31}
                                                  
Dimensions can be in units of em, ex, in, pt, pc,
cm, mm, dd, cc, nd, nc, bp, or sp; but yours is a new one!
I'll assume that you meant to say pt, for printer's points.
To recover gracefully from this error, it's best to
delete the erroneous units; e.g., type `2' to delete
two letters. (See Chapter 27 of The TeXbook.)

File: ./Imagenes/ImagenlV31.png Graphic file (type png)
<use ./Imagenes/ImagenlV31.png>
Package pdftex.def Info: ./Imagenes/ImagenlV31.png  used on input line 258.
(pdftex.def)             Requested size: 455.24263pt x 89.99907pt.

Overfull \hbox (9.98302pt too wide) in paragraph at lines 258--259
 [] 
 []

<./Imagenes/ImagenlV32.png, id=78, 1443.14156pt x 299.61937pt>
! Illegal unit of measure (pt inserted).
<to be read again> 
                   \relax 
l.265 ...h=16cm, height=90]{./Imagenes/ImagenlV32}
                                                  
Dimensions can be in units of em, ex, in, pt, pc,
cm, mm, dd, cc, nd, nc, bp, or sp; but yours is a new one!
I'll assume that you meant to say pt, for printer's points.
To recover gracefully from this error, it's best to
delete the erroneous units; e.g., type `2' to delete
two letters. (See Chapter 27 of The TeXbook.)

File: ./Imagenes/ImagenlV32.png Graphic file (type png)
<use ./Imagenes/ImagenlV32.png>
Package pdftex.def Info: ./Imagenes/ImagenlV32.png  used on input line 265.
(pdftex.def)             Requested size: 455.23059pt x 89.99622pt.

Overfull \hbox (9.97098pt too wide) in paragraph at lines 265--266
 [] 
 []


! LaTeX Error: File `./Imagenes/Imagen' not found.

See the LaTeX manual or LaTeX Companion for explanation.
Type  H <return>  for immediate help.
 ...                                              
                                                  
l.273 ...width=16cm, height=90]{./Imagenes/Imagen}
                                                  
I could not locate the file with any of these extensions:
.pdf,.png,.jpg,.mps,.jpeg,.jbig2,.jb2,.PDF,.PNG,.JPG,.JPEG,.JBIG2,.JB2,.eps
Try typing  <return>  to proceed.
If that doesn't work, type  X <return>  to quit.

<./Imagenes/ImagenlV33.png, id=79, 1443.14156pt x 299.61937pt>
! Illegal unit of measure (pt inserted).
<to be read again> 
                   \relax 
l.280 ...h=16cm, height=90]{./Imagenes/ImagenlV33}
                                                  
Dimensions can be in units of em, ex, in, pt, pc,
cm, mm, dd, cc, nd, nc, bp, or sp; but yours is a new one!
I'll assume that you meant to say pt, for printer's points.
To recover gracefully from this error, it's best to
delete the erroneous units; e.g., type `2' to delete
two letters. (See Chapter 27 of The TeXbook.)

File: ./Imagenes/ImagenlV33.png Graphic file (type png)
<use ./Imagenes/ImagenlV33.png>
Package pdftex.def Info: ./Imagenes/ImagenlV33.png  used on input line 280.
(pdftex.def)             Requested size: 455.23059pt x 89.99622pt.

Overfull \hbox (9.97098pt too wide) in paragraph at lines 280--281
 [] 
 []

[11

 <./Imagenes/ImagenlV31.png> <./Imagenes/ImagenlV32.png> <./Imagenes/ImagenlV33
.png>]

! LaTeX Error: There's no line here to end.

See the LaTeX manual or LaTeX Companion for explanation.
Type  H <return>  for immediate help.
 ...                                              
                                                  
l.287 \\
        \\
Your command was ignored.
Type  I <command> <return>  to replace it with another command,
or  <return>  to continue without it.


! LaTeX Error: There's no line here to end.

See the LaTeX manual or LaTeX Companion for explanation.
Type  H <return>  for immediate help.
 ...                                              
                                                  
l.287 \\\\
          
Your command was ignored.
Type  I <command> <return>  to replace it with another command,
or  <return>  to continue without it.

)

! LaTeX Error: \begin{itemize} on input line 22 ended by \end{document}.

See the LaTeX manual or LaTeX Companion for explanation.
Type  H <return>  for immediate help.
 ...                                              
                                                  
l.99 \end{document}
                   
Your command was ignored.
Type  I <command> <return>  to replace it with another command,
or  <return>  to continue without it.

(Informe.aux
LaTeX Info: Redefining \. on input line 6.
LaTeX Info: Redefining \% on input line 6.
 (Secciones/Actividad01.aux) (Secciones/Actividad02.aux)) )
(\end occurred inside a group at level 2)

### semi simple group (level 2) entered at line 22 (\begingroup)
### semi simple group (level 1) entered at line 17 (\begingroup)
### bottom level 
Here is how much of TeX's memory you used:
 3853 strings out of 492946
 53378 string characters out of 3143048
 136772 words of memory out of 3000000
 7623 multiletter control sequences out of 15000+200000
 8568 words of font info for 31 fonts, out of 3000000 for 9000
 1141 hyphenation exceptions out of 8191
 34i,6n,31p,766b,402s stack positions out of 5000i,500n,10000p,200000b,50000s
<D:/miktext/fonts/type1/public/amsfonts/cm/cmbx12.pfb><D:/mikte
xt/fonts/type1/public/amsfonts/cm/cmr12.pfb><D:/miktext/fonts/type1/public/amsf
onts/cm/cmsy10.pfb>
Output written on Informe.pdf (13 pages, 1497016 bytes).
PDF statistics:
 95 PDF objects out of 1000 (max. 8388607)
 0 named destinations out of 1000 (max. 500000)
 191 words of extra memory for PDF output out of 10000 (max. 10000000)

